\BOOKMARK [1][-]{section*.1}{\376\377\166\356\137\125}{}% 1
\BOOKMARK [1][-]{section.1}{\376\377\137\025\212\000}{}% 2
\BOOKMARK [2][-]{subsection.1.1}{\376\377\177\026\121\231\166\356\166\204}{section.1}% 3
\BOOKMARK [2][-]{subsection.1.2}{\376\377\230\171\166\356\200\314\146\157}{section.1}% 4
\BOOKMARK [2][-]{subsection.1.3}{\376\377\147\057\213\355\116\016\133\232\116\111}{section.1}% 5
\BOOKMARK [2][-]{subsection.1.4}{\376\377\123\302\200\003\215\104\145\231}{section.1}% 6
\BOOKMARK [1][-]{section.2}{\376\377\155\113\213\325\151\202\211\201}{}% 7
\BOOKMARK [2][-]{subsection.2.1}{\376\377\155\113\213\325\230\171\166\356\151\202\217\360}{section.2}% 8
\BOOKMARK [2][-]{subsection.2.2}{\376\377\155\113\213\325\145\271\154\325}{section.2}% 9
\BOOKMARK [2][-]{subsection.2.3}{\376\377\155\113\213\325\145\366\225\364\116\016\217\333\136\246}{section.2}% 10
\BOOKMARK [2][-]{subsection.2.4}{\376\377\155\113\213\325\203\003\126\364}{section.2}% 11
\BOOKMARK [3][-]{subsubsection.2.4.1}{\376\377\135\362\155\113\213\325\121\205\133\271}{subsection.2.4}% 12
\BOOKMARK [3][-]{subsubsection.2.4.2}{\376\377\147\052\155\113\213\325\121\205\133\271}{subsection.2.4}% 13
\BOOKMARK [2][-]{subsection.2.5}{\376\377\155\113\213\325\163\257\130\203\221\115\177\156}{section.2}% 14
\BOOKMARK [1][-]{section.3}{\376\377\122\237\200\375\155\113\213\325\213\276\213\241\116\016\142\147\210\114}{}% 15
\BOOKMARK [2][-]{subsection.3.1}{\376\377\155\113\213\325\173\126\165\145}{section.3}% 16
\BOOKMARK [2][-]{subsection.3.2}{\376\377\155\113\213\325\152\041\127\127\122\022\122\006}{section.3}% 17
\BOOKMARK [2][-]{subsection.3.3}{\376\377\221\315\160\271\155\113\213\325\165\050\117\213\213\276\213\241}{section.3}% 18
\BOOKMARK [3][-]{subsubsection.3.3.1}{\376\377\155\113\213\325\152\041\127\127\000M\0001\377\032\215\046\123\367\154\350\121\214\116\016\166\173\137\125}{subsection.3.3}% 19
\BOOKMARK [3][-]{subsubsection.3.3.2}{\376\377\155\113\213\325\152\041\127\127\000M\0002\377\032\116\052\116\272\117\341\140\157\173\241\164\006}{subsection.3.3}% 20
\BOOKMARK [3][-]{subsubsection.3.3.3}{\376\377\155\113\213\325\152\041\127\127\000M\0003\377\032\213\272\145\207\230\171\166\356\173\241\164\006}{subsection.3.3}% 21
\BOOKMARK [3][-]{subsubsection.3.3.4}{\376\377\155\113\213\325\152\041\127\127\000M\0004\377\032\172\340\202\202\127\050\176\277\177\026\217\221}{subsection.3.3}% 22
\BOOKMARK [3][-]{subsubsection.3.3.5}{\376\377\155\113\213\325\152\041\127\127\000M\0005\377\032\123\302\200\003\145\207\163\056\173\241\164\006}{subsection.3.3}% 23
\BOOKMARK [3][-]{subsubsection.3.3.6}{\376\377\155\113\213\325\152\041\127\127\000M\0006\377\032\152\041\147\177\220\011\142\351\116\016\230\204\211\310}{subsection.3.3}% 24
\BOOKMARK [3][-]{subsubsection.3.3.7}{\376\377\155\113\213\325\152\041\127\127\000M\0007\377\032\133\374\121\372\116\013\217\175\122\237\200\375}{subsection.3.3}% 25
\BOOKMARK [2][-]{subsection.3.4}{\376\377\122\237\200\375\155\113\213\325\142\147\210\114\176\337\213\241}{section.3}% 26
\BOOKMARK [1][-]{section.4}{\376\377\165\114\227\142\155\113\213\325\213\276\213\241\116\016\142\147\210\114}{}% 27
\BOOKMARK [2][-]{subsection.4.1}{\376\377\165\114\227\142\155\113\213\325\220\032\165\050\150\300\147\345\230\171}{section.4}% 28
\BOOKMARK [2][-]{subsection.4.2}{\376\377\124\004\230\165\227\142\116\023\230\171\165\114\227\142\155\113\213\325}{section.4}% 29
\BOOKMARK [2][-]{subsection.4.3}{\376\377\124\315\136\224\137\017\220\002\221\115\155\113\213\325}{section.4}% 30
\BOOKMARK [2][-]{subsection.4.4}{\376\377\155\117\211\310\126\150\121\174\133\271\140\047\155\113\213\325}{section.4}% 31
\BOOKMARK [2][-]{subsection.4.5}{\376\377\165\114\227\142\177\072\226\167\122\006\176\247\150\007\121\306}{section.4}% 32
\BOOKMARK [1][-]{section.5}{\376\377\155\113\213\325\163\257\130\203\221\115\177\156}{}% 33
\BOOKMARK [1][-]{section.6}{\376\377\155\113\213\325\176\323\213\272\116\016\136\372\213\256}{}% 34
\BOOKMARK [2][-]{subsection.6.1}{\376\377\122\237\200\375\133\214\145\164\140\047\213\304\116\367}{section.6}% 35
\BOOKMARK [2][-]{subsection.6.2}{\376\377\165\114\227\142\215\050\221\317\213\304\116\367}{section.6}% 36
\BOOKMARK [2][-]{subsection.6.3}{\376\377\145\071\217\333\136\372\213\256}{section.6}% 37
\BOOKMARK [1][-]{section.7}{\376\377\140\047\200\375\155\113\213\325}{}% 38
\BOOKMARK [2][-]{subsection.7.1}{\376\377\155\113\213\325\166\356\150\007}{section.7}% 39
\BOOKMARK [2][-]{subsection.7.2}{\376\377\123\213\122\233\000/\136\166\123\321\155\113\213\325}{section.7}% 40
\BOOKMARK [2][-]{subsection.7.3}{\376\377\000D\000o\000c\000k\000e\000r\163\257\130\203\215\104\156\220\123\140\165\050}{section.7}% 41
\BOOKMARK [2][-]{subsection.7.4}{\376\377\140\047\200\375\176\323\213\272}{section.7}% 42
\BOOKMARK [1][-]{section.8}{\376\377\133\211\121\150\155\113\213\325}{}% 43
\BOOKMARK [2][-]{subsection.8.1}{\376\377\147\103\226\120\150\041\232\214\155\113\213\325}{section.8}% 44
\BOOKMARK [2][-]{subsection.8.2}{\376\377\226\062\154\350\121\145\155\113\213\325}{section.8}% 45
\BOOKMARK [2][-]{subsection.8.3}{\376\377\133\306\170\001\133\211\121\150\155\113\213\325}{section.8}% 46
\BOOKMARK [2][-]{subsection.8.4}{\376\377\133\211\121\150\155\113\213\325\176\323\213\272}{section.8}% 47
\BOOKMARK [2][-]{subsection.8.5}{\376\377\133\211\121\150\145\071\217\333\136\372\213\256}{section.8}% 48
\BOOKMARK [1][-]{section.9}{\376\377\121\174\133\271\140\047\155\113\213\325}{}% 49
\BOOKMARK [2][-]{subsection.9.1}{\376\377\155\117\211\310\126\150\121\174\133\271\140\047}{section.9}% 50
\BOOKMARK [2][-]{subsection.9.2}{\376\377\124\016\172\357\143\245\123\343\121\174\133\271\140\047}{section.9}% 51
\BOOKMARK [2][-]{subsection.9.3}{\376\377\145\160\143\156\136\223\121\174\133\271\140\047}{section.9}% 52
\BOOKMARK [2][-]{subsection.9.4}{\376\377\144\315\117\134\174\373\176\337\121\174\133\271\140\047}{section.9}% 53
\BOOKMARK [2][-]{subsection.9.5}{\376\377\121\174\133\271\140\047\155\113\213\325\176\323\213\272}{section.9}% 54
\BOOKMARK [1][-]{section.10}{\376\377\177\072\226\167\122\006\147\220\116\016\225\356\230\230\154\107\140\073}{}% 55
\BOOKMARK [2][-]{subsection.10.1}{\376\377\177\072\226\167\122\006\176\247\150\007\121\306}{section.10}% 56
\BOOKMARK [2][-]{subsection.10.2}{\376\377\177\072\226\167\122\006\136\003\176\337\213\241}{section.10}% 57
\BOOKMARK [3][-]{subsubsection.10.2.1}{\376\377\143\011\116\045\221\315\172\013\136\246\122\006\136\003}{subsection.10.2}% 58
\BOOKMARK [3][-]{subsubsection.10.2.2}{\376\377\143\011\152\041\127\127\122\006\136\003}{subsection.10.2}% 59
\BOOKMARK [3][-]{subsubsection.10.2.3}{\376\377\177\072\226\167\123\321\163\260\215\213\122\277}{subsection.10.2}% 60
\BOOKMARK [2][-]{subsection.10.3}{\376\377\177\072\226\167\133\214\145\164\156\005\123\125}{section.10}% 61
\BOOKMARK [2][-]{subsection.10.4}{\376\377\177\072\226\167\150\071\126\340\122\006\147\220}{section.10}% 62
\BOOKMARK [2][-]{subsection.10.5}{\376\377\147\052\117\356\131\015\220\127\165\131\177\072\226\167\213\364\146\016}{section.10}% 63
\BOOKMARK [1][-]{section.11}{\376\377\155\113\213\325\176\323\213\272}{}% 64
\BOOKMARK [2][-]{subsection.11.1}{\376\377\155\113\213\325\142\147\210\114\121\105\122\006\140\047\213\304\117\060}{section.11}% 65
\BOOKMARK [2][-]{subsection.11.2}{\376\377\122\237\200\375\133\214\145\164\140\047\176\323\213\272}{section.11}% 66
\BOOKMARK [2][-]{subsection.11.3}{\376\377\140\047\200\375\217\276\150\007\140\305\121\265\176\323\213\272}{section.11}% 67
\BOOKMARK [2][-]{subsection.11.4}{\376\377\174\373\176\337\133\211\121\150\116\016\121\174\133\271\140\047\176\323\213\272}{section.11}% 68
\BOOKMARK [2][-]{subsection.11.5}{\376\377\116\012\176\277\000/\116\244\116\330\122\044\133\232\141\017\211\301}{section.11}% 69
\BOOKMARK [1][-]{section.12}{\376\377\136\372\213\256\116\016\145\071\217\333\143\252\145\275}{}% 70
\BOOKMARK [2][-]{subsection.12.1}{\376\377\172\013\136\217\116\343\170\001\117\030\123\026\136\372\213\256}{section.12}% 71
\BOOKMARK [2][-]{subsection.12.2}{\376\377\116\032\122\241\220\073\217\221\117\030\123\026\136\372\213\256}{section.12}% 72
\BOOKMARK [2][-]{subsection.12.3}{\376\377\124\016\176\355\217\355\116\343\155\113\213\325\117\030\123\026\136\372\213\256}{section.12}% 73
\BOOKMARK [1][-]{section.13}{\376\377\226\104\137\125}{}% 74
\BOOKMARK [2][-]{subsection.13.1}{\376\377\226\104\137\125\0001\377\032\177\072\226\167\173\111\176\247\133\232\116\111\150\007\121\306}{section.13}% 75
\BOOKMARK [2][-]{subsection.13.2}{\376\377\226\104\137\125\0002\377\032\155\113\213\325\220\032\217\307\150\007\121\306}{section.13}% 76
\BOOKMARK [2][-]{subsection.13.3}{\376\377\226\104\137\125\0003\377\032\155\113\213\325\165\050\117\213\156\005\123\125\175\042\137\025}{section.13}% 77
\BOOKMARK [2][-]{subsection.13.4}{\376\377\226\104\137\125\0004\377\032\155\113\213\325\142\147\210\114\123\237\131\313\145\345\137\327}{section.13}% 78
